<?xml version="1.0" encoding="UTF-8"?>
<!-- Generated by org.testng.reporters.JUnitXMLReporter -->
<testsuite hostname="MacBook-Air.local" failures="0" tests="1" name="Command line test" time="0.648" errors="0" timestamp="30 Jul 2020 20:56:05 GMT">
  <testcase classname="cie.assessment.LoginTest" name="@BeforeClass beforeClassBrowserTest" time="0.0">
    <failure type="java.lang.IllegalStateException" message="The driver executable does not exist: /Users/tealiumemployee/Git/cie_assessment/src/test/drivers/chromedriver/chromedriver">
      <![CDATA[java.lang.IllegalStateException: The driver executable does not exist: /Users/tealiumemployee/Git/cie_assessment/src/test/drivers/chromedriver/chromedriver
	at com.google.common.base.Preconditions.checkState(Preconditions.java:585)
	at org.openqa.selenium.remote.service.DriverService.checkExecutable(DriverService.java:146)
	at org.openqa.selenium.remote.service.DriverService.findExecutable(DriverService.java:141)
	at org.openqa.selenium.chrome.ChromeDriverService.access$000(ChromeDriverService.java:35)
	at org.openqa.selenium.chrome.ChromeDriverService$Builder.findDefaultExecutable(ChromeDriverService.java:159)
	at org.openqa.selenium.remote.service.DriverService$Builder.build(DriverService.java:355)
	at org.openqa.selenium.chrome.ChromeDriverService.createDefaultService(ChromeDriverService.java:94)
	at org.openqa.selenium.chrome.ChromeDriver.<init>(ChromeDriver.java:123)
	at cie.assessment.util.WebDriverFactory.getDriver(WebDriverFactory.java:52)
	at cie.assessment.util.CieWebBrowser.createWebDriver(CieWebBrowser.java:39)
	at cie.assessment.util.CieWebBrowser.start(CieWebBrowser.java:31)
	at cie.assessment.base.BrowserPerClassTest.createAndStartWebBrowser(BrowserPerClassTest.java:22)
	at cie.assessment.base.BrowserPerClassTest.beforeClassBrowserTest(BrowserPerClassTest.java:14)
... Removed 34 stack frames]]>
    </failure>
  </testcase> <!-- @BeforeClass beforeClassBrowserTest -->
  <testcase classname="cie.assessment.LoginTest" name="loginBasic" time="0.001">
    <skipped/>
  </testcase> <!-- loginBasic -->
</testsuite> <!-- Command line test -->
